<?xml version="1.0" encoding="UTF-8"?>
<testng-results ignored="0" total="1" passed="1" failed="0" skipped="0">
  <reporter-output>
  </reporter-output>
  <suite started-at="2020-08-18T12:54:31 IST" name="Default suite" finished-at="2020-08-18T12:54:53 IST" duration-ms="22224">
    <groups>
    </groups>
    <test started-at="2020-08-18T12:54:31 IST" name="Default test" finished-at="2020-08-18T12:54:53 IST" duration-ms="22224">
      <class name="POMProjectModel.LoginTest">
        <test-method signature="LogIn()[pri:0, instance:POMProjectModel.LoginTest@87a85e1]" started-at="2020-08-18T12:54:31 IST" name="LogIn" finished-at="2020-08-18T12:54:51 IST" duration-ms="20401" status="PASS">
          <reporter-output>
          </reporter-output>
        </test-method> <!-- LogIn -->
        <test-method is-config="true" signature="closure()[pri:0, instance:POMProjectModel.LoginTest@87a85e1]" started-at="2020-08-18T12:54:51 IST" name="closure" finished-at="2020-08-18T12:54:53 IST" duration-ms="1678" status="PASS">
          <reporter-output>
          </reporter-output>
        </test-method> <!-- closure -->
      </class> <!-- POMProjectModel.LoginTest -->
    </test> <!-- Default test -->
  </suite> <!-- Default suite -->
</testng-results>
